[debug] [2019-09-13T22:14:25.317Z] ----------------------------------------------------------------------
[debug] [2019-09-13T22:14:25.319Z] Command:       C:\Program Files\nodejs\node.exe C:\Users\Michael\AppData\Roaming\npm\node_modules\firebase-tools\lib\bin\firebase.js login
[debug] [2019-09-13T22:14:25.319Z] CLI Version:   7.3.1
[debug] [2019-09-13T22:14:25.319Z] Platform:      win32
[debug] [2019-09-13T22:14:25.319Z] Node Version:  v10.16.0
[debug] [2019-09-13T22:14:25.320Z] Time:          Fri Sep 13 2019 15:14:25 GMT-0700 (Pacific Daylight Time)
[debug] [2019-09-13T22:14:25.320Z] ----------------------------------------------------------------------
[debug] 
[info] i  Firebase optionally collects CLI usage and error reporting information to help improve our products. Data is collected in accordance with Google's privacy policy (https://policies.google.com/privacy) and is not used to identify you.

[info] i  To change your data collection preference at any time, run `firebase logout` and log in again.
[info] 
[info] Visit this URL on this device to log in:
[info] https://accounts.google.com/o/oauth2/auth?client_id=563584335869-fgrhgmd47bqnekij5i8b5pr03ho849e6.apps.googleusercontent.com&scope=email%20openid%20https%3A%2F%2Fwww.googleapis.com%2Fauth%2Fcloudplatformprojects.readonly%20https%3A%2F%2Fwww.googleapis.com%2Fauth%2Ffirebase%20https%3A%2F%2Fwww.googleapis.com%2Fauth%2Fcloud-platform&response_type=code&state=773359765&redirect_uri=http%3A%2F%2Flocalhost%3A9005
[info] 
[info] Waiting for authentication...
[debug] [2019-09-13T22:15:21.955Z] ----------------------------------------------------------------------
[debug] [2019-09-13T22:15:21.958Z] Command:       C:\Program Files\nodejs\node.exe C:\Users\Michael\AppData\Roaming\npm\node_modules\firebase-tools\lib\bin\firebase.js login
[debug] [2019-09-13T22:15:21.958Z] CLI Version:   7.3.1
[debug] [2019-09-13T22:15:21.958Z] Platform:      win32
[debug] [2019-09-13T22:15:21.958Z] Node Version:  v10.16.0
[debug] [2019-09-13T22:15:21.959Z] Time:          Fri Sep 13 2019 15:15:21 GMT-0700 (Pacific Daylight Time)
[debug] [2019-09-13T22:15:21.959Z] ----------------------------------------------------------------------
[debug] 
[info] i  Firebase optionally collects CLI usage and error reporting information to help improve our products. Data is collected in accordance with Google's privacy policy (https://policies.google.com/privacy) and is not used to identify you.

[info] i  To change your data collection preference at any time, run `firebase logout` and log in again.
[info] 
[info] Visit this URL on this device to log in:
[info] https://accounts.google.com/o/oauth2/auth?client_id=563584335869-fgrhgmd47bqnekij5i8b5pr03ho849e6.apps.googleusercontent.com&scope=email%20openid%20https%3A%2F%2Fwww.googleapis.com%2Fauth%2Fcloudplatformprojects.readonly%20https%3A%2F%2Fwww.googleapis.com%2Fauth%2Ffirebase%20https%3A%2F%2Fwww.googleapis.com%2Fauth%2Fcloud-platform&response_type=code&state=542548806&redirect_uri=http%3A%2F%2Flocalhost%3A9005
[info] 
[info] Waiting for authentication...
